-- matio_library /usr/lib/x86_64-linux-gnu/libmatio.so
-- Found matio: /usr/lib/x86_64-linux-gnu/libmatio.so  
/usr/lib/x86_64-linux-gnu/cmake/CGAL/CGALConfig.cmake(9):  set(CGAL_CONFIG_LOADED TRUE )
/usr/lib/x86_64-linux-gnu/cmake/CGAL/CGALConfig.cmake(11):  get_filename_component(CGAL_CONFIG_DIR /usr/lib/x86_64-linux-gnu/cmake/CGAL/CGALConfig.cmake PATH )
/usr/lib/x86_64-linux-gnu/cmake/CGAL/CGALConfig.cmake(13):  set(CGAL_HEADER_ONLY OFF )
/usr/lib/x86_64-linux-gnu/cmake/CGAL/CGALConfig.cmake(16):  string(REPLACE lib/x86_64-linux-gnu/cmake/CGAL  CGAL_INSTALL_PREFIX /usr/lib/x86_64-linux-gnu/cmake/CGAL )
/usr/lib/x86_64-linux-gnu/cmake/CGAL/CGALConfig.cmake(18):  set(CGAL_MAJOR_VERSION 4 )
/usr/lib/x86_64-linux-gnu/cmake/CGAL/CGALConfig.cmake(19):  set(CGAL_MINOR_VERSION 9 )
/usr/lib/x86_64-linux-gnu/cmake/CGAL/CGALConfig.cmake(20):  set(CGAL_BUILD_VERSION 1000 )
/usr/lib/x86_64-linux-gnu/cmake/CGAL/CGALConfig.cmake(21):  set(CGAL_SCM_BRANCH_NAME  )
/usr/lib/x86_64-linux-gnu/cmake/CGAL/CGALConfig.cmake(22):  set(CGAL_GIT_SHA1  )
/usr/lib/x86_64-linux-gnu/cmake/CGAL/CGALConfig.cmake(24):  set(CGAL_BUILD_SHARED_LIBS TRUE )
/usr/lib/x86_64-linux-gnu/cmake/CGAL/CGALConfig.cmake(25):  set(CGAL_Boost_USE_STATIC_LIBS OFF )
/usr/lib/x86_64-linux-gnu/cmake/CGAL/CGALConfig.cmake(27):  set(CGAL_CXX_FLAGS_INIT -g -O2 -fdebug-prefix-map=/build/cgal-qW_yGY/cgal-4.9=. -fstack-protector-strong -Wformat -Werror=format-security -Wdate-time -D_FORTIFY_SOURCE=2 -frounding-math )
/usr/lib/x86_64-linux-gnu/cmake/CGAL/CGALConfig.cmake(28):  set(CGAL_CXX_FLAGS_RELEASE_INIT -O3 -DNDEBUG )
/usr/lib/x86_64-linux-gnu/cmake/CGAL/CGALConfig.cmake(29):  set(CGAL_CXX_FLAGS_DEBUG_INIT -g )
/usr/lib/x86_64-linux-gnu/cmake/CGAL/CGALConfig.cmake(30):  set(CGAL_MODULE_LINKER_FLAGS_INIT -Wl,-Bsymbolic-functions -Wl,-z,relro -Wl,--as-needed )
/usr/lib/x86_64-linux-gnu/cmake/CGAL/CGALConfig.cmake(31):  set(CGAL_MODULE_LINKER_FLAGS_RELEASE_INIT  )
/usr/lib/x86_64-linux-gnu/cmake/CGAL/CGALConfig.cmake(32):  set(CGAL_MODULE_LINKER_FLAGS_DEBUG_INIT  )
/usr/lib/x86_64-linux-gnu/cmake/CGAL/CGALConfig.cmake(33):  set(CGAL_SHARED_LINKER_FLAGS_INIT -Wl,-Bsymbolic-functions -Wl,-z,relro -Wl,--as-needed )
/usr/lib/x86_64-linux-gnu/cmake/CGAL/CGALConfig.cmake(34):  set(CGAL_SHARED_LINKER_FLAGS_RELEASE_INIT  )
/usr/lib/x86_64-linux-gnu/cmake/CGAL/CGALConfig.cmake(35):  set(CGAL_SHARED_LINKER_FLAGS_DEBUG_INIT  )
/usr/lib/x86_64-linux-gnu/cmake/CGAL/CGALConfig.cmake(36):  set(CGAL_BUILD_TYPE_INIT Release )
/usr/lib/x86_64-linux-gnu/cmake/CGAL/CGALConfig.cmake(38):  set(CGAL_INCLUDE_DIRS /usr//include )
/usr/lib/x86_64-linux-gnu/cmake/CGAL/CGALConfig.cmake(39):  set(CGAL_MODULES_DIR /usr//lib/x86_64-linux-gnu/cmake/CGAL )
/usr/lib/x86_64-linux-gnu/cmake/CGAL/CGALConfig.cmake(40):  set(CGAL_LIBRARIES_DIR /usr//lib/x86_64-linux-gnu )
/usr/lib/x86_64-linux-gnu/cmake/CGAL/CGALConfig.cmake(43):  set(CGAL_ImageIO_USE_ZLIB ON )
/usr/lib/x86_64-linux-gnu/cmake/CGAL/CGALConfig.cmake(45):  set(CGAL_VERSION 4.9.1000 )
/usr/lib/x86_64-linux-gnu/cmake/CGAL/CGALConfig.cmake(47):  set(CGAL_USE_FILE /usr//lib/x86_64-linux-gnu/cmake/CGAL/UseCGAL.cmake )
/usr/lib/x86_64-linux-gnu/cmake/CGAL/CGALConfig.cmake(48):  set(CGAL_GRAPHICSVIEW_PACKAGE_DIR /usr//include/CGAL/ CACHE INTERNAL Directory containing the GraphicsView package )
/usr/lib/x86_64-linux-gnu/cmake/CGAL/CGALConfig.cmake(50):  if(CGAL_FIND_REQUIRED )
/usr/lib/x86_64-linux-gnu/cmake/CGAL/CGALConfig.cmake(51):  set(CHECK_CGAL_COMPONENT_MSG_ON_ERROR TRUE )
/usr/lib/x86_64-linux-gnu/cmake/CGAL/CGALConfig.cmake(52):  set(CHECK_CGAL_COMPONENT_ERROR_TYPE FATAL_ERROR )
/usr/lib/x86_64-linux-gnu/cmake/CGAL/CGALConfig.cmake(53):  set(CHECK_CGAL_COMPONENT_ERROR_TITLE ERROR: )
/usr/lib/x86_64-linux-gnu/cmake/CGAL/CGALConfig.cmake(64):  set(CGAL_CONFIGURED_LIBRARIES CGAL_Core;CGAL_ImageIO;CGAL_Qt5 )
/usr/lib/x86_64-linux-gnu/cmake/CGAL/CGALConfig.cmake(66):  macro(check_cgal_component COMPONENT )
/usr/lib/x86_64-linux-gnu/cmake/CGAL/CGALConfig.cmake(135):  check_cgal_component(CGAL )
/usr/lib/x86_64-linux-gnu/cmake/CGAL/CGALConfig.cmake(68):  set(CGAL_LIB CGAL )
/usr/lib/x86_64-linux-gnu/cmake/CGAL/CGALConfig.cmake(71):  if(CGAL STREQUAL CGAL )
/usr/lib/x86_64-linux-gnu/cmake/CGAL/CGALConfig.cmake(72):  set(CGAL_FOUND TRUE )
/usr/lib/x86_64-linux-gnu/cmake/CGAL/CGALConfig.cmake(74):  include(/usr/lib/x86_64-linux-gnu/cmake/CGAL/CGALExports.cmake )
/usr/lib/x86_64-linux-gnu/cmake/CGAL/CGALConfig.cmake(76):  include(/usr/lib/x86_64-linux-gnu/cmake/CGAL/CGALLibConfig.cmake )
/usr/lib/x86_64-linux-gnu/cmake/CGAL/CGALConfig.cmake(77):  set(CHECK_CGAL_ERROR_TAIL  )
/usr/lib/x86_64-linux-gnu/cmake/CGAL/CGALConfig.cmake(129):  if(NOT CGAL_FOUND AND CHECK_CGAL_COMPONENT_MSG_ON_ERROR )
/usr/lib/x86_64-linux-gnu/cmake/CGAL/CGALConfig.cmake(137):  foreach(CGAL_COMPONENT Core )
/usr/lib/x86_64-linux-gnu/cmake/CGAL/CGALConfig.cmake(138):  list(FIND CGAL_CONFIGURED_LIBRARIES CGAL_Core POSITION )
/usr/lib/x86_64-linux-gnu/cmake/CGAL/CGALConfig.cmake(139):  if(0 STRGREATER -1 )
/usr/lib/x86_64-linux-gnu/cmake/CGAL/CGALConfig.cmake(140):  check_cgal_component(CGAL_Core )
/usr/lib/x86_64-linux-gnu/cmake/CGAL/CGALConfig.cmake(68):  set(CGAL_LIB CGAL_Core )
/usr/lib/x86_64-linux-gnu/cmake/CGAL/CGALConfig.cmake(71):  if(CGAL_Core STREQUAL CGAL )
/usr/lib/x86_64-linux-gnu/cmake/CGAL/CGALConfig.cmake(78):  else()
/usr/lib/x86_64-linux-gnu/cmake/CGAL/CGALConfig.cmake(79):  if(EXISTS /usr/lib/x86_64-linux-gnu/cmake/CGAL/CGAL_CoreExports.cmake )
/usr/lib/x86_64-linux-gnu/cmake/CGAL/CGALConfig.cmake(81):  include(/usr/lib/x86_64-linux-gnu/cmake/CGAL/CGAL_CoreExports.cmake )
/usr/lib/x86_64-linux-gnu/cmake/CGAL/CGALConfig.cmake(83):  include(/usr/lib/x86_64-linux-gnu/cmake/CGAL/CGAL_CoreLibConfig.cmake )
/usr/lib/x86_64-linux-gnu/cmake/CGAL/CGALConfig.cmake(86):  if(WITH_CGAL_Core )
/usr/lib/x86_64-linux-gnu/cmake/CGAL/CGALConfig.cmake(87):  if(CGAL_HEADER_ONLY OR TARGET CGAL::CGAL_Core )
/usr/lib/x86_64-linux-gnu/cmake/CGAL/CGALConfig.cmake(88):  if(CGAL_Core STREQUAL CGAL_Qt5 )
/usr/lib/x86_64-linux-gnu/cmake/CGAL/CGALConfig.cmake(115):  else(CGAL_Core STREQUAL CGAL_Qt5 )
/usr/lib/x86_64-linux-gnu/cmake/CGAL/CGALConfig.cmake(117):  set(CGAL_Core_FOUND TRUE )
/usr/lib/x86_64-linux-gnu/cmake/CGAL/CGALConfig.cmake(129):  if(NOT CGAL_Core_FOUND AND CHECK_CGAL_COMPONENT_MSG_ON_ERROR )
/usr/lib/x86_64-linux-gnu/cmake/CGAL/CGALConfig.cmake(147):  set(CGAL_REQUESTED_COMPONENTS Core )
/usr/lib/x86_64-linux-gnu/cmake/CGAL/CGALConfig.cmake(150):  set(CGAL_ENABLE_PRECONFIG OFF )
/usr/lib/x86_64-linux-gnu/cmake/CGAL/CGALConfig.cmake(151):  set(CGAL_SUPPORTING_3RD_PARTY_LIBRARIES GMP;GMPXX;MPFR;ZLIB;OpenGL;LEDA;MPFI;RS;RS3;OpenNL;Eigen3;BLAS;LAPACK;QGLViewer;ESBTL;Coin3D;NTL;IPE )
/usr/lib/x86_64-linux-gnu/cmake/CGAL/CGALConfig.cmake(152):  set(CGAL_ESSENTIAL_3RD_PARTY_LIBRARIES GMP;MPFR )
/usr/lib/x86_64-linux-gnu/cmake/CGAL/CGALConfig.cmake(154):  set(CGAL_DISABLE_GMP  )
/usr/lib/x86_64-linux-gnu/cmake/CGAL/CGALConfig.cmake(155):  set(CGAL_EXT_LIB_Qt5_PREFIX QT )
/usr/lib/x86_64-linux-gnu/cmake/CGAL/CGALConfig.cmake(156):  set(CGAL_EXT_LIB_Eigen3_PREFIX EIGEN3 )
/usr/lib/x86_64-linux-gnu/cmake/CGAL/CGALConfig.cmake(157):  set(CGAL_EXT_LIB_QGLViewer_PREFIX QGLVIEWER )
/usr/lib/x86_64-linux-gnu/cmake/CGAL/CGALConfig.cmake(158):  set(CGAL_EXT_LIB_Coin3D_PREFIX COIN3D )
/usr/lib/x86_64-linux-gnu/cmake/CGAL/CGALConfig.cmake(159):  if(NOT CGAL_IGNORE_PRECONFIGURED_GMP )
/usr/lib/x86_64-linux-gnu/cmake/CGAL/CGALConfig.cmake(160):  set(GMP_FOUND TRUE )
/usr/lib/x86_64-linux-gnu/cmake/CGAL/CGALConfig.cmake(161):  set(GMP_USE_FILE  )
/usr/lib/x86_64-linux-gnu/cmake/CGAL/CGALConfig.cmake(162):  set(GMP_INCLUDE_DIR /usr/include/x86_64-linux-gnu )
/usr/lib/x86_64-linux-gnu/cmake/CGAL/CGALConfig.cmake(163):  set(GMP_LIBRARIES /usr/lib/x86_64-linux-gnu/libgmp.so )
/usr/lib/x86_64-linux-gnu/cmake/CGAL/CGALConfig.cmake(164):  set(GMP_DEFINITIONS  )
/usr/lib/x86_64-linux-gnu/cmake/CGAL/CGALConfig.cmake(167):  if(NOT CGAL_IGNORE_PRECONFIGURED_MPFR )
/usr/lib/x86_64-linux-gnu/cmake/CGAL/CGALConfig.cmake(168):  set(MPFR_FOUND TRUE )
/usr/lib/x86_64-linux-gnu/cmake/CGAL/CGALConfig.cmake(169):  set(MPFR_USE_FILE  )
/usr/lib/x86_64-linux-gnu/cmake/CGAL/CGALConfig.cmake(170):  set(MPFR_INCLUDE_DIR /usr/include )
/usr/lib/x86_64-linux-gnu/cmake/CGAL/CGALConfig.cmake(171):  set(MPFR_LIBRARIES /usr/lib/x86_64-linux-gnu/libmpfr.so )
/usr/lib/x86_64-linux-gnu/cmake/CGAL/CGALConfig.cmake(172):  set(MPFR_DEFINITIONS  )
-- Performing Test COMPILER_HAS_HIDDEN_VISIBILITY
CMake Warning (dev) at /usr/local/share/cmake-3.10/Modules/CheckCXXSourceCompiles.cmake:97 (try_compile):
  Policy CMP0066 is not set: Honor per-config flags in try_compile()
  source-file signature.  Run "cmake --help-policy CMP0066" for policy
  details.  Use the cmake_policy command to set the policy and suppress this
  warning.

  For compatibility with older versions of CMake, try_compile is not honoring
  caller config-specific compiler flags (e.g.  CMAKE_C_FLAGS_DEBUG) in the
  test project.
Call Stack (most recent call first):
  /usr/local/share/cmake-3.10/Modules/CheckCXXCompilerFlag.cmake:49 (CHECK_CXX_SOURCE_COMPILES)
  /usr/local/share/cmake-3.10/Modules/GenerateExportHeader.cmake:215 (check_cxx_compiler_flag)
  /usr/local/share/cmake-3.10/Modules/GenerateExportHeader.cmake:374 (_test_compiler_hidden_visibility)
  OpenMEEGMaths/CMakeLists.txt:43 (generate_export_header)
This warning is for project developers.  Use -Wno-dev to suppress it.

CMake Warning (dev) at /usr/local/share/cmake-3.10/Modules/CheckCXXSourceCompiles.cmake:97 (try_compile):
  Policy CMP0067 is not set: Honor language standard in try_compile()
  source-file signature.  Run "cmake --help-policy CMP0067" for policy
  details.  Use the cmake_policy command to set the policy and suppress this
  warning.

  For compatibility with older versions of CMake, try_compile is not honoring
  language standard variables in the test project:

    CMAKE_CXX_STANDARD
