-- matio.h /usr/include
-- matio_library /usr/lib/x86_64-linux-gnu/libmatio.so
-- Found matio: /usr/lib/x86_64-linux-gnu/libmatio.so  
/usr/lib/x86_64-linux-gnu/cmake/CGAL/CGALConfig.cmake(9):  set(CGAL_CONFIG_LOADED TRUE )
/usr/lib/x86_64-linux-gnu/cmake/CGAL/CGALConfig.cmake(11):  get_filename_component(CGAL_CONFIG_DIR /usr/lib/x86_64-linux-gnu/cmake/CGAL/CGALConfig.cmake PATH )
/usr/lib/x86_64-linux-gnu/cmake/CGAL/CGALConfig.cmake(13):  set(CGAL_HEADER_ONLY  )
/usr/lib/x86_64-linux-gnu/cmake/CGAL/CGALConfig.cmake(16):  string(REPLACE lib/x86_64-linux-gnu/cmake/CGAL  CGAL_INSTALL_PREFIX /usr/lib/x86_64-linux-gnu/cmake/CGAL )
/usr/lib/x86_64-linux-gnu/cmake/CGAL/CGALConfig.cmake(18):  set(CGAL_MAJOR_VERSION 4 )
/usr/lib/x86_64-linux-gnu/cmake/CGAL/CGALConfig.cmake(19):  set(CGAL_MINOR_VERSION 9 )
/usr/lib/x86_64-linux-gnu/cmake/CGAL/CGALConfig.cmake(20):  set(CGAL_BUILD_VERSION 1000 )
/usr/lib/x86_64-linux-gnu/cmake/CGAL/CGALConfig.cmake(21):  set(CGAL_SCM_BRANCH_NAME  )
/usr/lib/x86_64-linux-gnu/cmake/CGAL/CGALConfig.cmake(22):  set(CGAL_GIT_SHA1  )
/usr/lib/x86_64-linux-gnu/cmake/CGAL/CGALConfig.cmake(24):  set(CGAL_BUILD_SHARED_LIBS TRUE )
/usr/lib/x86_64-linux-gnu/cmake/CGAL/CGALConfig.cmake(25):  set(CGAL_Boost_USE_STATIC_LIBS OFF )
/usr/lib/x86_64-linux-gnu/cmake/CGAL/CGALConfig.cmake(27):  set(CGAL_CXX_FLAGS_INIT -g -O2 -fstack-protector --param=ssp-buffer-size=4 -Wformat -Werror=format-security -D_FORTIFY_SOURCE=2  -frounding-math )
/usr/lib/x86_64-linux-gnu/cmake/CGAL/CGALConfig.cmake(28):  set(CGAL_CXX_FLAGS_RELEASE_INIT -O3 -DNDEBUG )
/usr/lib/x86_64-linux-gnu/cmake/CGAL/CGALConfig.cmake(29):  set(CGAL_CXX_FLAGS_DEBUG_INIT -g )
/usr/lib/x86_64-linux-gnu/cmake/CGAL/CGALConfig.cmake(30):  set(CGAL_MODULE_LINKER_FLAGS_INIT  -Wl,-Bsymbolic-functions -Wl,-z,relro -Wl,--as-needed )
/usr/lib/x86_64-linux-gnu/cmake/CGAL/CGALConfig.cmake(31):  set(CGAL_MODULE_LINKER_FLAGS_RELEASE_INIT  )
/usr/lib/x86_64-linux-gnu/cmake/CGAL/CGALConfig.cmake(32):  set(CGAL_MODULE_LINKER_FLAGS_DEBUG_INIT  )
/usr/lib/x86_64-linux-gnu/cmake/CGAL/CGALConfig.cmake(33):  set(CGAL_SHARED_LINKER_FLAGS_INIT  -Wl,-Bsymbolic-functions -Wl,-z,relro -Wl,--as-needed )
/usr/lib/x86_64-linux-gnu/cmake/CGAL/CGALConfig.cmake(34):  set(CGAL_SHARED_LINKER_FLAGS_RELEASE_INIT  )
/usr/lib/x86_64-linux-gnu/cmake/CGAL/CGALConfig.cmake(35):  set(CGAL_SHARED_LINKER_FLAGS_DEBUG_INIT  )
/usr/lib/x86_64-linux-gnu/cmake/CGAL/CGALConfig.cmake(36):  set(CGAL_BUILD_TYPE_INIT Release )
/usr/lib/x86_64-linux-gnu/cmake/CGAL/CGALConfig.cmake(38):  set(CGAL_INCLUDE_DIRS /usr///usr/include )
/usr/lib/x86_64-linux-gnu/cmake/CGAL/CGALConfig.cmake(39):  set(CGAL_MODULES_DIR /usr//lib/x86_64-linux-gnu/cmake/CGAL )
/usr/lib/x86_64-linux-gnu/cmake/CGAL/CGALConfig.cmake(40):  set(CGAL_LIBRARIES_DIR /usr//lib/x86_64-linux-gnu )
/usr/lib/x86_64-linux-gnu/cmake/CGAL/CGALConfig.cmake(43):  set(CGAL_ImageIO_USE_ZLIB  )
/usr/lib/x86_64-linux-gnu/cmake/CGAL/CGALConfig.cmake(45):  set(CGAL_VERSION 4.9.1000 )
/usr/lib/x86_64-linux-gnu/cmake/CGAL/CGALConfig.cmake(47):  set(CGAL_USE_FILE /usr//lib/x86_64-linux-gnu/cmake/CGAL/UseCGAL.cmake )
/usr/lib/x86_64-linux-gnu/cmake/CGAL/CGALConfig.cmake(48):  set(CGAL_GRAPHICSVIEW_PACKAGE_DIR /usr///usr/include/CGAL/ CACHE INTERNAL Directory containing the GraphicsView package )
/usr/lib/x86_64-linux-gnu/cmake/CGAL/CGALConfig.cmake(50):  if(CGAL_FIND_REQUIRED )
/usr/lib/x86_64-linux-gnu/cmake/CGAL/CGALConfig.cmake(51):  set(CHECK_CGAL_COMPONENT_MSG_ON_ERROR TRUE )
/usr/lib/x86_64-linux-gnu/cmake/CGAL/CGALConfig.cmake(52):  set(CHECK_CGAL_COMPONENT_ERROR_TYPE FATAL_ERROR )
/usr/lib/x86_64-linux-gnu/cmake/CGAL/CGALConfig.cmake(53):  set(CHECK_CGAL_COMPONENT_ERROR_TITLE ERROR: )
/usr/lib/x86_64-linux-gnu/cmake/CGAL/CGALConfig.cmake(64):  set(CGAL_CONFIGURED_LIBRARIES CGAL_Core;CGAL_ImageIO;CGAL_Qt5 )
/usr/lib/x86_64-linux-gnu/cmake/CGAL/CGALConfig.cmake(66):  macro(check_cgal_component COMPONENT )
/usr/lib/x86_64-linux-gnu/cmake/CGAL/CGALConfig.cmake(135):  check_cgal_component(CGAL )
/usr/lib/x86_64-linux-gnu/cmake/CGAL/CGALConfig.cmake(68):  set(CGAL_LIB CGAL )
/usr/lib/x86_64-linux-gnu/cmake/CGAL/CGALConfig.cmake(71):  if(CGAL STREQUAL CGAL )
/usr/lib/x86_64-linux-gnu/cmake/CGAL/CGALConfig.cmake(72):  set(CGAL_FOUND TRUE )
/usr/lib/x86_64-linux-gnu/cmake/CGAL/CGALConfig.cmake(74):  include(/usr/lib/x86_64-linux-gnu/cmake/CGAL/CGALExports.cmake )
/usr/lib/x86_64-linux-gnu/cmake/CGAL/CGALConfig.cmake(76):  include(/usr/lib/x86_64-linux-gnu/cmake/CGAL/CGALLibConfig.cmake )
/usr/lib/x86_64-linux-gnu/cmake/CGAL/CGALConfig.cmake(77):  set(CHECK_CGAL_ERROR_TAIL  )
/usr/lib/x86_64-linux-gnu/cmake/CGAL/CGALConfig.cmake(129):  if(NOT CGAL_FOUND AND CHECK_CGAL_COMPONENT_MSG_ON_ERROR )
/usr/lib/x86_64-linux-gnu/cmake/CGAL/CGALConfig.cmake(137):  foreach(CGAL_COMPONENT Core )
/usr/lib/x86_64-linux-gnu/cmake/CGAL/CGALConfig.cmake(138):  list(FIND CGAL_CONFIGURED_LIBRARIES CGAL_Core POSITION )
/usr/lib/x86_64-linux-gnu/cmake/CGAL/CGALConfig.cmake(139):  if(0 STRGREATER -1 )
/usr/lib/x86_64-linux-gnu/cmake/CGAL/CGALConfig.cmake(140):  check_cgal_component(CGAL_Core )
/usr/lib/x86_64-linux-gnu/cmake/CGAL/CGALConfig.cmake(68):  set(CGAL_LIB CGAL_Core )
/usr/lib/x86_64-linux-gnu/cmake/CGAL/CGALConfig.cmake(71):  if(CGAL_Core STREQUAL CGAL )
/usr/lib/x86_64-linux-gnu/cmake/CGAL/CGALConfig.cmake(78):  else()
/usr/lib/x86_64-linux-gnu/cmake/CGAL/CGALConfig.cmake(79):  if(EXISTS /usr/lib/x86_64-linux-gnu/cmake/CGAL/CGAL_CoreExports.cmake )
/usr/lib/x86_64-linux-gnu/cmake/CGAL/CGALConfig.cmake(86):  if(WITH_CGAL_Core )
/usr/lib/x86_64-linux-gnu/cmake/CGAL/CGALConfig.cmake(123):  else(WITH_CGAL_Core )
/usr/lib/x86_64-linux-gnu/cmake/CGAL/CGALConfig.cmake(124):  set(CGAL_Core_FOUND FALSE )
/usr/lib/x86_64-linux-gnu/cmake/CGAL/CGALConfig.cmake(125):  set(CHECK_CGAL_Core_ERROR_TAIL  Please configure CGAL using WITH_CGAL_Core=ON. )
/usr/lib/x86_64-linux-gnu/cmake/CGAL/CGALConfig.cmake(129):  if(NOT CGAL_Core_FOUND AND CHECK_CGAL_COMPONENT_MSG_ON_ERROR )
/usr/lib/x86_64-linux-gnu/cmake/CGAL/CGALConfig.cmake(130):  message(FATAL_ERROR ERROR: The CGAL_Core library was not configured. Please configure CGAL using WITH_CGAL_Core=ON. )
CMake Error at /usr/lib/x86_64-linux-gnu/cmake/CGAL/CGALConfig.cmake:130 (message):
  ERROR: The CGAL_Core library was not configured.  Please configure CGAL
  using WITH_CGAL_Core=ON.
Call Stack (most recent call first):
  /usr/lib/x86_64-linux-gnu/cmake/CGAL/CGALConfig.cmake:140 (check_cgal_component)
  cmake/thirdParties.cmake:85 (find_package)
  CMakeLists.txt:20 (include)
